app/seeds.txt
com.bttendance.BTApplication
com.bttendance.BTApplication: BTApplication()
com.bttendance.BTApplication: com.bttendance.BTApplication getInstance()
com.bttendance.BTApplication: android.content.Context getContext()
com.bttendance.BTApplication: void onCreate()
com.bttendance.BTDebug
com.bttendance.BTDebug: boolean DEBUG
com.bttendance.BTDebug: java.lang.String TAG
com.bttendance.BTDebug: java.lang.String TAG_API
com.bttendance.BTDebug: void LogError(java.lang.String)
com.bttendance.BTDebug: void LogDebug(java.lang.String)
com.bttendance.BTDebug: void LogDebug(java.lang.String,java.lang.String)
com.bttendance.BTDebug: void LogInfo(java.lang.String)
com.bttendance.BTDebug: void LogVerbose(java.lang.String)
com.bttendance.BTDebug: void LogQueryAPI(java.lang.String)
com.bttendance.BTDebug: void LogResponseAPI(java.lang.String)
com.bttendance.BTDebug: void Toast(android.content.Context,java.lang.String)
com.bttendance.BuildConfig
com.bttendance.BuildConfig: boolean DEBUG
com.bttendance.BuildConfig: java.lang.String APPLICATION_ID
com.bttendance.BuildConfig: java.lang.String BUILD_TYPE
com.bttendance.BuildConfig: java.lang.String FLAVOR
com.bttendance.BuildConfig: int VERSION_CODE
com.bttendance.BuildConfig: java.lang.String VERSION_NAME
com.bttendance.BuildConfig: java.lang.String PACKAGE_NAME
com.bttendance.BuildConfig: BuildConfig()
com.bttendance.Manifest
com.bttendance.Manifest: Manifest()
com.bttendance.Manifest$permission
com.bttendance.Manifest$permission: java.lang.String C2D_MESSAGE
com.bttendance.Manifest$permission: Manifest$permission()
com.bttendance.R
com.bttendance.R: R()
com.bttendance.R$anim
com.bttendance.R$anim: int abc_fade_in
com.bttendance.R$anim: int abc_fade_out
com.bttendance.R$anim: int abc_slide_in_bottom
com.bttendance.R$anim: int abc_slide_in_top
com.bttendance.R$anim: int abc_slide_out_bottom
com.bttendance.R$anim: int abc_slide_out_top
com.bttendance.R$anim: int fade_in
com.bttendance.R$anim: int fade_in_fast
com.bttendance.R$anim: int fade_in_slow
com.bttendance.R$anim: int fade_out
com.bttendance.R$anim: int fade_out_fast
com.bttendance.R$anim: int fade_out_slow
com.bttendance.R$anim: int no_anim
com.bttendance.R$anim: int slide_in_down
com.bttendance.R$anim: int slide_in_left
com.bttendance.R$anim: int slide_in_right
com.bttendance.R$anim: int slide_in_up
com.bttendance.R$anim: int slide_in_up_slow
com.bttendance.R$anim: int slide_out_down
com.bttendance.R$anim: int slide_out_down_slow
com.bttendance.R$anim: int slide_out_left
com.bttendance.R$anim: int slide_out_right
com.bttendance.R$anim: int slide_out_up
com.bttendance.R$anim: int splash_out
com.bttendance.R$anim: R$anim()
...
com.koushikdutta.async.http.socketio.SocketIOConnection$1
com.koushikdutta.async.http.socketio.SocketIOConnection$10
com.koushikdutta.async.http.socketio.SocketIOConnection$11
com.koushikdutta.async.http.socketio.SocketIOConnection$11$1
com.koushikdutta.async.http.socketio.SocketIOConnection$12
com.koushikdutta.async.http.socketio.SocketIOConnection$13
com.koushikdutta.async.http.socketio.SocketIOConnection$14
com.koushikdutta.async.http.socketio.SocketIOConnection$2
com.koushikdutta.async.http.socketio.SocketIOConnection$2$1
com.koushikdutta.async.http.socketio.SocketIOConnection$3
com.koushikdutta.async.http.socketio.SocketIOConnection$4
com.koushikdutta.async.http.socketio.SocketIOConnection$5
com.koushikdutta.async.http.socketio.SocketIOConnection$6
com.koushikdutta.async.http.socketio.SocketIOConnection$7
com.koushikdutta.async.http.socketio.SocketIOConnection$8
com.koushikdutta.async.http.socketio.SocketIOConnection$9
com.koushikdutta.async.http.socketio.SocketIOConnection$SelectCallback
com.koushikdutta.async.http.socketio.SocketIOException
com.koushikdutta.async.http.socketio.SocketIOException: SocketIOException(java.lang.String)
com.koushikdutta.async.http.socketio.SocketIORequest
com.koushikdutta.async.http.socketio.SocketIORequest: SocketIORequest(java.lang.String)
com.koushikdutta.async.http.socketio.SocketIORequest: java.lang.String getEndpoint()
com.koushikdutta.async.http.socketio.SocketIORequest: java.lang.String getQuery()
com.koushikdutta.async.http.socketio.SocketIORequest: SocketIORequest(java.lang.String,java.lang.String)
com.koushikdutta.async.http.socketio.SocketIORequest: SocketIORequest(java.lang.String,java.lang.String,java.lang.String)
com.koushikdutta.async.http.socketio.StringCallback
com.koushikdutta.async.http.socketio.StringCallback: void onString(java.lang.String,com.koushikdutta.async.http.socketio.Acknowledge)
com.koushikdutta.async.http.socketio.transport.SocketIOTransport
com.koushikdutta.async.http.socketio.transport.SocketIOTransport: void send(java.lang.String)
com.koushikdutta.async.http.socketio.transport.SocketIOTransport: void disconnect()
com.koushikdutta.async.http.socketio.transport.SocketIOTransport: void setStringCallback(com.koushikdutta.async.http.socketio.transport.SocketIOTransport$StringCallback)
com.koushikdutta.async.http.socketio.transport.SocketIOTransport: void setClosedCallback(com.koushikdutta.async.callback.CompletedCallback)
com.koushikdutta.async.http.socketio.transport.SocketIOTransport: com.koushikdutta.async.AsyncServer getServer()
com.koushikdutta.async.http.socketio.transport.SocketIOTransport: boolean isConnected()
com.koushikdutta.async.http.socketio.transport.SocketIOTransport: boolean heartbeats()
com.koushikdutta.async.http.socketio.transport.SocketIOTransport$StringCallback
com.koushikdutta.async.http.socketio.transport.SocketIOTransport$StringCallback: void onStringAvailable(java.lang.String)
com.koushikdutta.async.http.socketio.transport.WebSocketTransport
com.koushikdutta.async.http.socketio.transport.WebSocketTransport: WebSocketTransport(com.koushikdutta.async.http.WebSocket)
com.koushikdutta.async.http.socketio.transport.WebSocketTransport: boolean isConnected()
com.koushikdutta.async.http.socketio.transport.WebSocketTransport: void setClosedCallback(com.koushikdutta.async.callback.CompletedCallback)
com.koushikdutta.async.http.socketio.transport.WebSocketTransport: void disconnect()
com.koushikdutta.async.http.socketio.transport.WebSocketTransport: com.koushikdutta.async.AsyncServer getServer()
com.koushikdutta.async.http.socketio.transport.WebSocketTransport: void send(java.lang.String)
com.koushikdutta.async.http.socketio.transport.WebSocketTransport: void setStringCallback(com.koushikdutta.async.http.socketio.transport.SocketIOTransport$StringCallback)
com.koushikdutta.async.http.socketio.transport.WebSocketTransport: boolean heartbeats()
com.koushikdutta.async.http.socketio.transport.WebSocketTransport$1