app/mapping.txt
com.bttendance.BTApplication -> com.bttendance.BTApplication:
    com.bttendance.BTApplication instance -> a
    14:14:com.bttendance.BTApplication getInstance() -> getInstance
    18:18:android.content.Context getContext() -> getContext
    23:25:void onCreate() -> onCreate
com.bttendance.BTDebug -> com.bttendance.BTDebug:
    boolean DEBUG -> DEBUG
    java.lang.String TAG -> TAG
    java.lang.String TAG_API -> TAG_API
    23:23:void LogError(java.lang.String) -> LogError
    31:31:void LogDebug(java.lang.String) -> LogDebug
    39:39:void LogDebug(java.lang.String,java.lang.String) -> LogDebug
    47:47:void LogInfo(java.lang.String) -> LogInfo
    55:55:void LogVerbose(java.lang.String) -> LogVerbose
    63:63:void LogQueryAPI(java.lang.String) -> LogQueryAPI
    71:71:void LogResponseAPI(java.lang.String) -> LogResponseAPI
    79:79:void Toast(android.content.Context,java.lang.String) -> Toast
com.bttendance.BuildConfig -> com.bttendance.BuildConfig:
    boolean DEBUG -> DEBUG
    java.lang.String APPLICATION_ID -> APPLICATION_ID
    java.lang.String BUILD_TYPE -> BUILD_TYPE
    java.lang.String FLAVOR -> FLAVOR
    int VERSION_CODE -> VERSION_CODE
    java.lang.String VERSION_NAME -> VERSION_NAME
    java.lang.String PACKAGE_NAME -> PACKAGE_NAME
com.bttendance.Manifest -> com.bttendance.Manifest:
com.bttendance.Manifest$permission -> com.bttendance.Manifest$permission:
    java.lang.String C2D_MESSAGE -> C2D_MESSAGE
com.bttendance.R -> com.bttendance.R:
com.bttendance.R$anim -> com.bttendance.R$anim:
    int abc_fade_in -> abc_fade_in
    int abc_fade_out -> abc_fade_out
    int abc_slide_in_bottom -> abc_slide_in_bottom
    int abc_slide_in_top -> abc_slide_in_top
    int abc_slide_out_bottom -> abc_slide_out_bottom
    int abc_slide_out_top -> abc_slide_out_top
    int fade_in -> fade_in
    int fade_in_fast -> fade_in_fast
    int fade_in_slow -> fade_in_slow
    int fade_out -> fade_out
    int fade_out_fast -> fade_out_fast
    int fade_out_slow -> fade_out_slow
    int no_anim -> no_anim
    int slide_in_down -> slide_in_down
    int slide_in_left -> slide_in_left
    int slide_in_right -> slide_in_right
    int slide_in_up -> slide_in_up
    int slide_in_up_slow -> slide_in_up_slow
    int slide_out_down -> slide_out_down
    int slide_out_down_slow -> slide_out_down_slow
    int slide_out_left -> slide_out_left
    int slide_out_right -> slide_out_right
    int slide_out_up -> slide_out_up
    int splash_out -> splash_out
com.bttendance.R$attr -> com.bttendance.R$attr:
    int actionBarDivider -> actionBarDivider
    int actionBarItemBackground -> actionBarItemBackground
    int actionBarSize -> actionBarSize
    int actionBarSplitStyle -> actionBarSplitStyle
    int actionBarStyle -> actionBarStyle
    int actionBarTabBarStyle -> actionBarTabBarStyle
    int actionBarTabStyle -> actionBarTabStyle
    int actionBarTabTextStyle -> actionBarTabTextStyle
    int actionBarWidgetTheme -> actionBarWidgetTheme
    int actionButtonStyle -> actionButtonStyle
    int actionDropDownStyle -> actionDropDownStyle
    int actionLayout -> actionLayout
    int actionMenuTextAppearance -> actionMenuTextAppearance
    int actionMenuTextColor -> actionMenuTextColor
    int actionModeBackground -> actionModeBackground
    int actionModeCloseButtonStyle -> actionModeCloseButtonStyle
    int actionModeCloseDrawable -> actionModeCloseDrawable
    int actionModeCopyDrawable -> actionModeCopyDrawable
    int actionModeCutDrawable -> actionModeCutDrawable
    int actionModeFindDrawable -> actionModeFindDrawable
    int actionModePasteDrawable -> actionModePasteDrawable
    int actionModePopupWindowStyle -> actionModePopupWindowStyle
    int actionModeSelectAllDrawable -> actionModeSelectAllDrawable
    int actionModeShareDrawable -> actionModeShareDrawable
    int actionModeSplitBackground -> actionModeSplitBackground
    int actionModeStyle -> actionModeStyle
...
com.squareup.picasso.Picasso -> com.squareup.picasso.Picasso:
    android.os.Handler HANDLER -> a
    com.squareup.picasso.Picasso singleton -> b
    com.squareup.picasso.Picasso$Listener listener -> m
    com.squareup.picasso.Picasso$RequestTransformer requestTransformer -> n
    com.squareup.picasso.Picasso$CleanupThread cleanupThread -> o
    android.content.Context context -> c
    com.squareup.picasso.Dispatcher dispatcher -> d
    com.squareup.picasso.Cache cache -> e
    com.squareup.picasso.Stats stats -> f
    java.util.Map targetToAction -> g
    java.util.Map targetToDeferredRequestCreator -> h
    java.lang.ref.ReferenceQueue referenceQueue -> i
    boolean indicatorsEnabled -> j
    boolean loggingEnabled -> k
    boolean shutdown -> l
    152:153:void cancelRequest(android.widget.ImageView) -> cancelRequest
    157:158:void cancelRequest(com.squareup.picasso.Target) -> cancelRequest
    165:166:void cancelRequest(android.widget.RemoteViews,int) -> cancelRequest
    179:179:com.squareup.picasso.RequestCreator load(android.net.Uri) -> load
    199:205:com.squareup.picasso.RequestCreator load(java.lang.String) -> load
    222:225:com.squareup.picasso.RequestCreator load(java.io.File) -> load
    236:239:com.squareup.picasso.RequestCreator load(int) -> load
    248:248:boolean isDebugging() -> isDebugging
    258:259:void setDebugging(boolean) -> setDebugging
    263:264:void setIndicatorsEnabled(boolean) -> setIndicatorsEnabled
com.squareup.picasso.Picasso$1 -> com.squareup.picasso.Picasso$1:
    92:110:void handleMessage(android.os.Message) -> handleMessage
com.squareup.picasso.Picasso$Builder -> com.squareup.picasso.Picasso$Builder:
    android.content.Context context -> a
    com.squareup.picasso.Downloader downloader -> b
    java.util.concurrent.ExecutorService service -> c
    com.squareup.picasso.Cache cache -> d
    com.squareup.picasso.Picasso$Listener listener -> e
    com.squareup.picasso.Picasso$RequestTransformer transformer -> f
    boolean indicatorsEnabled -> g
    boolean loggingEnabled -> h
    512:519:com.squareup.picasso.Picasso$Builder downloader(com.squareup.picasso.Downloader) -> downloader
    524:531:com.squareup.picasso.Picasso$Builder executor(java.util.concurrent.ExecutorService) -> executor
    536:543:com.squareup.picasso.Picasso$Builder memoryCache(com.squareup.picasso.Cache) -> memoryCache
    548:555:com.squareup.picasso.Picasso$Builder listener(com.squareup.picasso.Picasso$Listener) -> listener
    565:572:com.squareup.picasso.Picasso$Builder requestTransformer(com.squareup.picasso.Picasso$RequestTransformer) -> requestTransformer
    580:580:com.squareup.picasso.Picasso$Builder debugging(boolean) -> debugging
    585:586:com.squareup.picasso.Picasso$Builder indicatorsEnabled(boolean) -> indicatorsEnabled
    596:597:com.squareup.picasso.Picasso$Builder loggingEnabled(boolean) -> loggingEnabled
    602:621:com.squareup.picasso.Picasso build() -> build
com.squareup.picasso.Picasso$CleanupThread -> com.squareup.picasso.Picasso$CleanupThread:
    java.lang.ref.ReferenceQueue referenceQueue -> a
    android.os.Handler handler -> b
    439:455:void run() -> run
    458:459:void shutdown() -> a
com.squareup.picasso.Picasso$CleanupThread$1 -> com.squareup.picasso.Picasso$CleanupThread$1:
    java.lang.Exception val$e -> a
    com.squareup.picasso.Picasso$CleanupThread this$0 -> b
    449:449:void run() -> run
com.squareup.picasso.Picasso$Listener -> com.squareup.picasso.Picasso$Listener:
    void onImageLoadFailed(com.squareup.picasso.Picasso,android.net.Uri,java.lang.Exception) -> onImageLoadFailed