app/unused.txt
com.bttendance.activity.BTActivity:
    private static final int PLAY_SERVICES_RESOLUTION_REQUEST
com.bttendance.adapter.kit.CircularListAdapter:
    static final boolean DEBUG
com.bttendance.adapter.kit.InstantAdapterCore:
    static final boolean DEBUG
    private static final java.lang.String EMPTY_STRING
    176:176:public com.bttendance.adapter.kit.ViewHandler getViewHandler(int)
    185:185:public android.util.SparseArray getViewHandlers()
    194:195:public void removeViewHandler(int)
    201:202:public void removeAllViewHandlers()
com.bttendance.adapter.kit.SimpleSectionAdapter:
    static final boolean DEBUG
    private static final int VIEW_TYPE_SECTION_HEADER
com.bttendance.helper.CloudinaryHelper:
    private static final int PROFILE_BITMAP_SIZE
com.bttendance.helper.StringMatcher:
    private static final char KOREAN_UNICODE_START
    private static final char KOREAN_UNICODE_END
    private static final char KOREAN_UNIT
com.bttendance.model.BTDatabase$BTSQLiteHelper:
    private static final int DATABASE_VERSION
    private static final java.lang.String DATABASE_NAME
    private static final java.lang.String KEY_UUID
    private static final java.lang.String KEY_USERNAME
    private static final java.lang.String TABLE_NAME_UUID
    private static final java.lang.String TABLE_CREATE_UUID
    private static final java.lang.String TABLE_NAME_USERNAME
    private static final java.lang.String TABLE_CREATE_USERNAME
com.bttendance.model.BTExternal:
    private static final java.lang.String FILE_NAME
    95:96:private static boolean deleteFile(android.content.Context)
    100:101:private static boolean hasFile(android.content.Context)
com.bttendance.model.BTKey$IntentKey:
    private static final java.lang.String ACTION_PREFIX
com.bttendance.model.BTNotification:
    private static final java.lang.String PROPERTY_REG_ID
    private static final java.lang.String PROPERTY_APP_VERSION
com.bttendance.service.BTService:
    private static final java.lang.String SERVER_DOMAIN_PRODUCTION
    private static final java.lang.String SERVER_DOMAIN_DEVELOPMENT
com.bttendance.service.GcmIntentService:
    private static final int NOTIFICATION_ID
com.bttendance.view.Bttendance:
    private static final int BLINK_DURATION
    private static final int BIG_SIZE
    private static final int SMALL_SIZE
    private static final float BIG_WHEEL_RADIUS
    private static final float SMALL_WHEEL_RADIUS
    private static final int BIG
    private static final int SMALL
com.bttendance.view.Clicker:
    private static final int BLINK_DURATION
    private static final int SMALL_SIZE
    private static final float SMALL_WHEEL_RADIUS
    private static final int A
    private static final int B
    private static final int C
    private static final int D
    private static final int E
com.bttendance.view.IndexScroller:
    private static final int STATE_HIDDEN
    private static final int STATE_SHOWING
    private static final int STATE_SHOWN
    private static final int STATE_HIDING
...
org.joda.time.chrono.GJDayOfWeekDateTimeField:
    private static final long serialVersionUID
    140:140:private java.lang.Object readResolve()
org.joda.time.chrono.GJEraDateTimeField:
    private static final long serialVersionUID
    151:151:private java.lang.Object readResolve()
org.joda.time.chrono.GJMonthOfYearDateTimeField:
    private static final long serialVersionUID
org.joda.time.chrono.GJYearOfEraDateTimeField:
    private static final long serialVersionUID
    123:123:private java.lang.Object readResolve()
org.joda.time.chrono.GregorianChronology:
    private static final long MILLIS_PER_YEAR
    private static final long MILLIS_PER_MONTH
    private static final int DAYS_0000_TO_1970
    private static final int MIN_YEAR
    private static final int MAX_YEAR
org.joda.time.chrono.ISOYearOfEraDateTimeField:
    private static final long serialVersionUID
    117:117:private java.lang.Object readResolve()
org.joda.time.chrono.IslamicChronology:
    private static final int MIN_YEAR
    private static final int MAX_YEAR
    private static final int MONTH_PAIR_LENGTH
    private static final int LONG_MONTH_LENGTH
    private static final int SHORT_MONTH_LENGTH
    private static final long MILLIS_PER_MONTH_PAIR
    private static final long MILLIS_PER_MONTH
    private static final long MILLIS_PER_LONG_MONTH
    private static final long MILLIS_PER_YEAR
    private static final long MILLIS_PER_SHORT_YEAR
    private static final long MILLIS_PER_LONG_YEAR
    private static final long MILLIS_YEAR_1
    private static final int CYCLE
    private static final long MILLIS_PER_CYCLE
org.joda.time.chrono.JulianChronology:
    private static final long MILLIS_PER_YEAR
    private static final long MILLIS_PER_MONTH
    private static final int MIN_YEAR
    private static final int MAX_YEAR
org.joda.time.chrono.LimitChronology$LimitDateTimeField:
    private static final long serialVersionUID
org.joda.time.chrono.ZonedChronology$ZonedDateTimeField:
    private static final long serialVersionUID
org.joda.time.field.DecoratedDateTimeField:
    private static final long serialVersionUID
org.joda.time.field.DividedDateTimeField:
    private static final long serialVersionUID
org.joda.time.field.ImpreciseDateTimeField:
    private static final long serialVersionUID
org.joda.time.field.OffsetDateTimeField:
    private static final long serialVersionUID
org.joda.time.field.PreciseDateTimeField:
    private static final long serialVersionUID
org.joda.time.field.PreciseDurationDateTimeField:
    private static final long serialVersionUID
org.joda.time.field.RemainderDateTimeField:
    private static final long serialVersionUID
org.joda.time.field.ZeroIsMaxDateTimeField:
    private static final long serialVersionUID
org.joda.time.format.DateTimeFormat:
    static final int FULL
    static final int LONG
    static final int MEDIUM
    static final int SHORT
    static final int NONE
    static final int DATE
    static final int TIME
    static final int DATETIME
    private static final int PATTERN_CACHE_SIZE
org.joda.time.format.DateTimeFormatterBuilder$TimeZoneName:
    static final int LONG_NAME
    static final int SHORT_NAME
org.joda.time.format.ISODateTimeFormat$Constants:
    1246:1246:ISODateTimeFormat$Constants()
org.joda.time.format.PeriodFormat:
    private static final java.lang.String BUNDLE_NAME